Arguments: 
  /usr/local/bin/node /usr/local/bin/yarn add @aws-cdk/core @aws-cdk/lambda

PATH: 
  /home/andrelopesmds/.serverless/bin:/home/andrelopesmds/.serverless/bin:/home/andrelopesmds/.local/bin:/home/andrelopesmds/.serverless/bin:/home/andrelopesmds/.serverless/bin:/home/andrelopesmds/.local/bin:/usr/local/sbin:/usr/local/bin:/usr/sbin:/usr/bin:/sbin:/bin:/usr/games:/usr/local/games:/snap/bin

Yarn version: 
  1.22.10

Node version: 
  14.15.5

Platform: 
  linux x64

Trace: 
  Error: https://registry.yarnpkg.com/@aws-cdk%2flambda: Not found
      at Request.params.callback [as _callback] (/usr/local/lib/node_modules/yarn/lib/cli.js:66988:18)
      at Request.self.callback (/usr/local/lib/node_modules/yarn/lib/cli.js:140662:22)
      at Request.emit (events.js:315:20)
      at Request.<anonymous> (/usr/local/lib/node_modules/yarn/lib/cli.js:141634:10)
      at Request.emit (events.js:315:20)
      at IncomingMessage.<anonymous> (/usr/local/lib/node_modules/yarn/lib/cli.js:141556:12)
      at Object.onceWrapper (events.js:421:28)
      at IncomingMessage.emit (events.js:327:22)
      at endReadableNT (internal/streams/readable.js:1327:12)
      at processTicksAndRejections (internal/process/task_queues.js:80:21)

npm manifest: 
  {
    "name": "stack1",
    "version": "0.1.0",
    "bin": {
      "stack1": "bin/stack1.js"
    },
    "scripts": {
      "build": "tsc",
      "watch": "tsc -w",
      "test": "jest",
      "cdk": "cdk"
    },
    "devDependencies": {
      "@aws-cdk/assert": "1.119.0",
      "@types/jest": "^26.0.10",
      "@types/node": "10.17.27",
      "jest": "^26.4.2",
      "ts-jest": "^26.2.0",
      "aws-cdk": "1.119.0",
      "ts-node": "^9.0.0",
      "typescript": "~3.9.7"
    },
    "dependencies": {
      "@aws-cdk/core": "1.119.0",
      "source-map-support": "^0.5.16"
    }
  }

yarn manifest: 
  No manifest

Lockfile: 
  No lockfile
